<?xml version="1.0" encoding="UTF-8"?>
<!-- Generated by org.testng.reporters.JUnitReportReporter -->
<testsuite hostname="BG4WS0866" name="com.automation.test.CreateCustomer" tests="2" failures="0" timestamp="30 Jun 2016 13:24:41 GMT" time="5.823" errors="0">
  <testcase name="login" time="2.839" classname="com.automation.test.CreateCustomer"/>
  <testcase name="creatCustomer" time="2.984" classname="com.automation.test.CreateCustomer"/>
</testsuite> <!-- com.automation.test.CreateCustomer -->
